  2022302131012.cpp
  2022302131012Doc.cpp
F:\计算机图形学实习\2022302131012\2022302131012\2022302131012Doc.cpp(447,12): warning C4244: “初始化”: 从“double”转换到“float”，可能丢失数据
  (编译源文件“/2022302131012Doc.cpp”)
  
F:\计算机图形学实习\2022302131012\2022302131012\2022302131012Doc.cpp(448,12): warning C4244: “初始化”: 从“double”转换到“float”，可能丢失数据
  (编译源文件“/2022302131012Doc.cpp”)
  
F:\计算机图形学实习\2022302131012\2022302131012\2022302131012Doc.cpp(449,23): warning C4244: “参数”: 从“float”转换到“int”，可能丢失数据
  (编译源文件“/2022302131012Doc.cpp”)
  
F:\计算机图形学实习\2022302131012\2022302131012\2022302131012Doc.cpp(449,19): warning C4244: “参数”: 从“float”转换到“int”，可能丢失数据
  (编译源文件“/2022302131012Doc.cpp”)
  
F:\计算机图形学实习\2022302131012\2022302131012\2022302131012Doc.cpp(453,33): warning C4244: “+=”: 从“double”转换到“float”，可能丢失数据
  (编译源文件“/2022302131012Doc.cpp”)
  
F:\计算机图形学实习\2022302131012\2022302131012\2022302131012Doc.cpp(499,10): warning C4838: 从“LONG”转换到“double”需要收缩转换
  (编译源文件“/2022302131012Doc.cpp”)
  
F:\计算机图形学实习\2022302131012\2022302131012\2022302131012Doc.cpp(499,17): warning C4838: 从“LONG”转换到“double”需要收缩转换
  (编译源文件“/2022302131012Doc.cpp”)
  
F:\计算机图形学实习\2022302131012\2022302131012\2022302131012Doc.cpp(500,14): warning C4838: 从“LONG”转换到“double”需要收缩转换
  (编译源文件“/2022302131012Doc.cpp”)
  
F:\计算机图形学实习\2022302131012\2022302131012\2022302131012Doc.cpp(500,25): warning C4838: 从“LONG”转换到“double”需要收缩转换
  (编译源文件“/2022302131012Doc.cpp”)
  
F:\计算机图形学实习\2022302131012\2022302131012\2022302131012Doc.cpp(501,17): warning C4838: 从“LONG”转换到“double”需要收缩转换
  (编译源文件“/2022302131012Doc.cpp”)
  
F:\计算机图形学实习\2022302131012\2022302131012\2022302131012Doc.cpp(501,37): warning C4838: 从“LONG”转换到“double”需要收缩转换
  (编译源文件“/2022302131012Doc.cpp”)
  
F:\计算机图形学实习\2022302131012\2022302131012\2022302131012Doc.cpp(502,17): warning C4838: 从“LONG”转换到“double”需要收缩转换
  (编译源文件“/2022302131012Doc.cpp”)
  
F:\计算机图形学实习\2022302131012\2022302131012\2022302131012Doc.cpp(502,41): warning C4838: 从“LONG”转换到“double”需要收缩转换
  (编译源文件“/2022302131012Doc.cpp”)
  
F:\计算机图形学实习\2022302131012\2022302131012\2022302131012Doc.cpp(560,21): warning C4244: “=”: 从“double”转换到“float”，可能丢失数据
  (编译源文件“/2022302131012Doc.cpp”)
  
F:\计算机图形学实习\2022302131012\2022302131012\2022302131012Doc.cpp(561,21): warning C4244: “=”: 从“double”转换到“float”，可能丢失数据
  (编译源文件“/2022302131012Doc.cpp”)
  
F:\计算机图形学实习\2022302131012\2022302131012\2022302131012Doc.cpp(563,38): warning C4244: “=”: 从“LONG”转换到“float”，可能丢失数据
  (编译源文件“/2022302131012Doc.cpp”)
  
F:\计算机图形学实习\2022302131012\2022302131012\2022302131012Doc.cpp(564,38): warning C4244: “=”: 从“LONG”转换到“float”，可能丢失数据
  (编译源文件“/2022302131012Doc.cpp”)
  
F:\计算机图形学实习\2022302131012\2022302131012\2022302131012Doc.cpp(609,40): warning C4244: “=”: 从“LONG”转换到“float”，可能丢失数据
  (编译源文件“/2022302131012Doc.cpp”)
  
F:\计算机图形学实习\2022302131012\2022302131012\2022302131012Doc.cpp(610,40): warning C4244: “=”: 从“LONG”转换到“float”，可能丢失数据
  (编译源文件“/2022302131012Doc.cpp”)
  
F:\计算机图形学实习\2022302131012\2022302131012\2022302131012Doc.cpp(626,16): warning C4244: “=”: 从“float”转换到“LONG”，可能丢失数据
  (编译源文件“/2022302131012Doc.cpp”)
  
F:\计算机图形学实习\2022302131012\2022302131012\2022302131012Doc.cpp(627,16): warning C4244: “=”: 从“float”转换到“LONG”，可能丢失数据
  (编译源文件“/2022302131012Doc.cpp”)
  
F:\计算机图形学实习\2022302131012\2022302131012\2022302131012Doc.cpp(648,12): warning C4244: “=”: 从“double”转换到“LONG”，可能丢失数据
  (编译源文件“/2022302131012Doc.cpp”)
  
F:\计算机图形学实习\2022302131012\2022302131012\2022302131012Doc.cpp(649,12): warning C4244: “=”: 从“double”转换到“LONG”，可能丢失数据
  (编译源文件“/2022302131012Doc.cpp”)
  
F:\计算机图形学实习\2022302131012\2022302131012\2022302131012Doc.cpp(739,49): warning C4244: “=”: 从“int”转换到“float”，可能丢失数据
  (编译源文件“/2022302131012Doc.cpp”)
  
F:\计算机图形学实习\2022302131012\2022302131012\2022302131012Doc.cpp(999,9): warning C4101: “y”: 未引用的局部变量
  (编译源文件“/2022302131012Doc.cpp”)
  
F:\计算机图形学实习\2022302131012\2022302131012\2022302131012Doc.cpp(999,6): warning C4101: “x”: 未引用的局部变量
  (编译源文件“/2022302131012Doc.cpp”)
  
F:\计算机图形学实习\2022302131012\2022302131012\2022302131012Doc.cpp(999,28): warning C4101: “flag”: 未引用的局部变量
  (编译源文件“/2022302131012Doc.cpp”)
  
F:\计算机图形学实习\2022302131012\2022302131012\2022302131012Doc.cpp(1110,11): warning C4244: “初始化”: 从“int”转换到“float”，可能丢失数据
  (编译源文件“/2022302131012Doc.cpp”)
  
F:\计算机图形学实习\2022302131012\2022302131012\2022302131012Doc.cpp(1111,11): warning C4244: “初始化”: 从“int”转换到“float”，可能丢失数据
  (编译源文件“/2022302131012Doc.cpp”)
  
F:\计算机图形学实习\2022302131012\2022302131012\2022302131012Doc.cpp(1132,23): warning C4244: “参数”: 从“int”转换到“float”，可能丢失数据
  (编译源文件“/2022302131012Doc.cpp”)
  
F:\计算机图形学实习\2022302131012\2022302131012\2022302131012Doc.cpp(1133,25): warning C4244: “参数”: 从“int”转换到“float”，可能丢失数据
  (编译源文件“/2022302131012Doc.cpp”)
  
F:\计算机图形学实习\2022302131012\2022302131012\2022302131012Doc.cpp(1134,25): warning C4244: “参数”: 从“int”转换到“float”，可能丢失数据
  (编译源文件“/2022302131012Doc.cpp”)
  
F:\计算机图形学实习\2022302131012\2022302131012\2022302131012Doc.cpp(1135,27): warning C4244: “参数”: 从“int”转换到“float”，可能丢失数据
  (编译源文件“/2022302131012Doc.cpp”)
  
F:\计算机图形学实习\2022302131012\2022302131012\2022302131012Doc.cpp(1137,15): warning C4244: “=”: 从“float”转换到“int”，可能丢失数据
  (编译源文件“/2022302131012Doc.cpp”)
  
F:\计算机图形学实习\2022302131012\2022302131012\2022302131012Doc.cpp(1138,15): warning C4244: “=”: 从“float”转换到“int”，可能丢失数据
  (编译源文件“/2022302131012Doc.cpp”)
  
F:\计算机图形学实习\2022302131012\2022302131012\2022302131012Doc.cpp(1141,15): warning C4244: “=”: 从“float”转换到“int”，可能丢失数据
  (编译源文件“/2022302131012Doc.cpp”)
  
F:\计算机图形学实习\2022302131012\2022302131012\2022302131012Doc.cpp(1142,15): warning C4244: “=”: 从“float”转换到“int”，可能丢失数据
  (编译源文件“/2022302131012Doc.cpp”)
  
F:\计算机图形学实习\2022302131012\2022302131012\2022302131012Doc.cpp(1102,18): warning C4101: “yb”: 未引用的局部变量
  (编译源文件“/2022302131012Doc.cpp”)
  
F:\计算机图形学实习\2022302131012\2022302131012\2022302131012Doc.cpp(1102,10): warning C4101: “xb”: 未引用的局部变量
  (编译源文件“/2022302131012Doc.cpp”)
  
F:\计算机图形学实习\2022302131012\2022302131012\2022302131012Doc.cpp(1102,14): warning C4101: “ya”: 未引用的局部变量
  (编译源文件“/2022302131012Doc.cpp”)
  
F:\计算机图形学实习\2022302131012\2022302131012\2022302131012Doc.cpp(1101,9): warning C4101: “y”: 未引用的局部变量
  (编译源文件“/2022302131012Doc.cpp”)
  
F:\计算机图形学实习\2022302131012\2022302131012\2022302131012Doc.cpp(1102,6): warning C4101: “xa”: 未引用的局部变量
  (编译源文件“/2022302131012Doc.cpp”)
  
F:\计算机图形学实习\2022302131012\2022302131012\2022302131012Doc.cpp(1101,6): warning C4101: “x”: 未引用的局部变量
  (编译源文件“/2022302131012Doc.cpp”)
  
  2022302131012View.cpp
  MainFrm.cpp
  SetCharDlg.cpp
  正在生成代码...
  2022302131012.vcxproj -> F:\计算机图形学实习\2022302131012\x64\Debug\2022302131012.exe
